

Started GET "/" for ::1 at 2015-05-02 10:44:32 +0900
Processing by Rails::WelcomeController#index as HTML
  Rendered vendor/bundle/ruby/2.1.0/gems/railties-4.2.1/lib/rails/templates/rails/welcome/index.html.erb (1.6ms)
Completed 200 OK in 17ms (Views: 6.7ms | ActiveRecord: 0.0ms)


Started GET "/static_pages/home" for ::1 at 2015-05-02 11:37:56 +0900
Processing by StaticPagesController#home as HTML
  Rendered static_pages/home.html.erb (1.4ms)
Completed 200 OK in 18ms (Views: 7.8ms | ActiveRecord: 0.0ms)


Started GET "/static_pages/home" for ::1 at 2015-05-02 11:38:00 +0900
Processing by StaticPagesController#home as HTML
  Rendered static_pages/home.html.erb (0.1ms)
Completed 200 OK in 3ms (Views: 2.5ms | ActiveRecord: 0.0ms)


Started GET "/static_pages/help" for ::1 at 2015-05-02 11:38:03 +0900
Processing by StaticPagesController#help as HTML
  Rendered static_pages/help.html.erb (0.5ms)
Completed 200 OK in 3ms (Views: 2.3ms | ActiveRecord: 0.0ms)


Started GET "/static_pages/help" for ::1 at 2015-05-03 09:27:13 +0900
Processing by StaticPagesController#help as HTML
  Rendered static_pages/help.html.erb within layouts/application (0.5ms)
Completed 200 OK in 1844ms (Views: 1843.1ms | ActiveRecord: 0.0ms)


Started GET "/assets/application.self-e80e8f2318043e8af94dddc2adad5a4f09739a8ebb323b3ab31cd71d45fd9113.css?body=1" for ::1 at 2015-05-03 09:27:15 +0900


Started GET "/assets/static_pages.self-e3b0c44298fc1c149afbf4c8996fb92427ae41e4649b934ca495991b7852b855.css?body=1" for ::1 at 2015-05-03 09:27:15 +0900


Started GET "/assets/jquery_ujs.self-8e98a7a072a6cee1372d19fff9ff3e6aa1e39a37d89d6f06861637d061113ee7.js?body=1" for ::1 at 2015-05-03 09:27:15 +0900


Started GET "/assets/application.self-3b8dabdc891efe46b9a144b400ad69e37d7e5876bdc39dee783419a69d7ca819.js?body=1" for ::1 at 2015-05-03 09:27:15 +0900


Started GET "/assets/turbolinks.self-c37727e9bd6b2735da5c311aa83fead54ed0be6cc8bd9a65309e9c5abe2cbfff.js?body=1" for ::1 at 2015-05-03 09:27:15 +0900


Started GET "/assets/static_pages.self-877aef30ae1b040ab8a3aba4e3e309a11d7f2612f44dde450b5c157aa5f95c05.js?body=1" for ::1 at 2015-05-03 09:27:15 +0900


Started GET "/assets/jquery.self-d03a5518f45df77341bdbe6201ba3bfa547ebba8ed64f0ea56bfa5f96ea7c074.js?body=1" for ::1 at 2015-05-03 09:27:15 +0900


Started GET "/static_pages/help" for ::1 at 2015-05-03 09:27:19 +0900
Processing by StaticPagesController#help as HTML
  Rendered static_pages/help.html.erb within layouts/application (0.1ms)
Completed 200 OK in 44ms (Views: 42.9ms | ActiveRecord: 0.0ms)


Started GET "/assets/static_pages.self-e3b0c44298fc1c149afbf4c8996fb92427ae41e4649b934ca495991b7852b855.css?body=1" for ::1 at 2015-05-03 09:27:19 +0900


Started GET "/static_pages/home" for ::1 at 2015-05-03 09:27:20 +0900
Processing by StaticPagesController#home as HTML
  Rendered static_pages/home.html.erb within layouts/application (0.4ms)
Completed 200 OK in 32ms (Views: 31.1ms | ActiveRecord: 0.0ms)


Started GET "/assets/static_pages.self-e3b0c44298fc1c149afbf4c8996fb92427ae41e4649b934ca495991b7852b855.css?body=1" for ::1 at 2015-05-03 09:27:20 +0900


Started GET "/static_pages/home" for ::1 at 2015-05-03 09:27:24 +0900
Processing by StaticPagesController#home as HTML
  Rendered static_pages/home.html.erb within layouts/application (0.0ms)
Completed 200 OK in 30ms (Views: 29.1ms | ActiveRecord: 0.0ms)


Started GET "/assets/static_pages.self-e3b0c44298fc1c149afbf4c8996fb92427ae41e4649b934ca495991b7852b855.css?body=1" for ::1 at 2015-05-03 09:27:24 +0900


Started GET "/static_pages/about" for ::1 at 2015-05-03 09:27:26 +0900
Processing by StaticPagesController#about as HTML
  Rendered static_pages/about.html.erb within layouts/application (0.4ms)
Completed 200 OK in 28ms (Views: 27.0ms | ActiveRecord: 0.0ms)
  [1m[36m (1.2ms)[0m  [1mCREATE TABLE "schema_migrations" ("version" varchar NOT NULL) [0m
  [1m[35m (0.1ms)[0m  select sqlite_version(*)
  [1m[36m (1.5ms)[0m  [1mCREATE UNIQUE INDEX "unique_schema_migrations" ON "schema_migrations" ("version")[0m
  [1m[35mActiveRecord::SchemaMigration Load (0.1ms)[0m  SELECT "schema_migrations".* FROM "schema_migrations"


Started GET "/static_pages/about" for ::1 at 2015-05-03 10:25:19 +0900
Processing by StaticPagesController#about as HTML
  Rendered static_pages/about.html.erb within layouts/application (0.4ms)
Completed 200 OK in 36ms (Views: 35.2ms | ActiveRecord: 0.0ms)


Started GET "/static_pages/about" for ::1 at 2015-05-03 10:25:23 +0900
Processing by StaticPagesController#about as HTML
  Rendered static_pages/about.html.erb within layouts/application (0.1ms)
Completed 200 OK in 29ms (Views: 28.8ms | ActiveRecord: 0.0ms)


Started GET "/assets/static_pages.self-e3b0c44298fc1c149afbf4c8996fb92427ae41e4649b934ca495991b7852b855.css?body=1" for ::1 at 2015-05-03 10:25:23 +0900


Started GET "/static_pages/home" for ::1 at 2015-05-03 10:25:23 +0900
Processing by StaticPagesController#home as HTML
  Rendered static_pages/home.html.erb within layouts/application (0.1ms)
Completed 200 OK in 25ms (Views: 24.7ms | ActiveRecord: 0.0ms)


Started GET "/assets/static_pages.self-e3b0c44298fc1c149afbf4c8996fb92427ae41e4649b934ca495991b7852b855.css?body=1" for ::1 at 2015-05-03 10:25:23 +0900


Started GET "/static_pages/home" for ::1 at 2015-05-03 10:39:28 +0900
Processing by StaticPagesController#home as HTML
  Rendered static_pages/home.html.erb within layouts/application (0.1ms)
Completed 200 OK in 31ms (Views: 30.6ms | ActiveRecord: 0.0ms)


Started GET "/static_pages/home" for ::1 at 2015-05-03 10:45:29 +0900
Processing by StaticPagesController#home as HTML
  Rendered static_pages/home.html.erb within layouts/application (0.3ms)
Completed 200 OK in 35ms (Views: 34.1ms | ActiveRecord: 0.0ms)


Started GET "/assets/static_pages.self-e3b0c44298fc1c149afbf4c8996fb92427ae41e4649b934ca495991b7852b855.css?body=1" for ::1 at 2015-05-03 10:45:29 +0900


Started GET "/assets/application.self-e80e8f2318043e8af94dddc2adad5a4f09739a8ebb323b3ab31cd71d45fd9113.css?body=1" for ::1 at 2015-05-03 10:45:29 +0900


Started GET "/assets/jquery_ujs.self-8e98a7a072a6cee1372d19fff9ff3e6aa1e39a37d89d6f06861637d061113ee7.js?body=1" for ::1 at 2015-05-03 10:45:29 +0900


Started GET "/assets/static_pages.self-877aef30ae1b040ab8a3aba4e3e309a11d7f2612f44dde450b5c157aa5f95c05.js?body=1" for ::1 at 2015-05-03 10:45:29 +0900


Started GET "/assets/jquery.self-d03a5518f45df77341bdbe6201ba3bfa547ebba8ed64f0ea56bfa5f96ea7c074.js?body=1" for ::1 at 2015-05-03 10:45:29 +0900


Started GET "/assets/turbolinks.self-c37727e9bd6b2735da5c311aa83fead54ed0be6cc8bd9a65309e9c5abe2cbfff.js?body=1" for ::1 at 2015-05-03 10:45:29 +0900


Started GET "/assets/application.self-3b8dabdc891efe46b9a144b400ad69e37d7e5876bdc39dee783419a69d7ca819.js?body=1" for ::1 at 2015-05-03 10:45:29 +0900


Started GET "/static_pages/home" for ::1 at 2015-05-03 22:38:58 +0900
Processing by StaticPagesController#home as HTML
  Rendered static_pages/home.html.erb within layouts/application (0.1ms)
Completed 200 OK in 80ms (Views: 79.5ms | ActiveRecord: 0.0ms)


Started GET "/static_pages/home" for ::1 at 2015-05-03 22:39:05 +0900
Processing by StaticPagesController#home as HTML
  Rendered static_pages/home.html.erb within layouts/application (0.0ms)
Completed 200 OK in 65ms (Views: 64.4ms | ActiveRecord: 0.0ms)


Started GET "/assets/static_pages.self-e3b0c44298fc1c149afbf4c8996fb92427ae41e4649b934ca495991b7852b855.css?body=1" for ::1 at 2015-05-03 22:39:05 +0900


Started GET "/static_pages/home" for ::1 at 2015-05-03 22:39:08 +0900
Processing by StaticPagesController#home as HTML
  Rendered static_pages/home.html.erb within layouts/application (0.1ms)
Completed 200 OK in 38ms (Views: 37.0ms | ActiveRecord: 0.0ms)


Started GET "/assets/static_pages.self-e3b0c44298fc1c149afbf4c8996fb92427ae41e4649b934ca495991b7852b855.css?body=1" for ::1 at 2015-05-03 22:39:08 +0900


Started GET "/static_pages/help" for ::1 at 2015-05-03 22:39:08 +0900
Processing by StaticPagesController#help as HTML
  Rendered static_pages/help.html.erb within layouts/application (0.1ms)
Completed 200 OK in 31ms (Views: 30.8ms | ActiveRecord: 0.0ms)


Started GET "/assets/static_pages.self-e3b0c44298fc1c149afbf4c8996fb92427ae41e4649b934ca495991b7852b855.css?body=1" for ::1 at 2015-05-03 22:39:08 +0900


Started GET "/static_pages/help" for ::1 at 2015-05-09 10:35:43 +0900
Processing by StaticPagesController#help as HTML
  Rendered static_pages/help.html.erb within layouts/application (0.7ms)
Completed 200 OK in 119ms (Views: 112.0ms | ActiveRecord: 0.0ms)


Started GET "/static_pages/help" for ::1 at 2015-05-09 10:35:43 +0900
Processing by StaticPagesController#help as HTML
  Rendered static_pages/help.html.erb within layouts/application (0.1ms)
Completed 200 OK in 55ms (Views: 53.6ms | ActiveRecord: 0.0ms)


Started GET "/apple-touch-icon-precomposed.png" for ::1 at 2015-05-09 10:35:43 +0900

ActionController::RoutingError (No route matches [GET] "/apple-touch-icon-precomposed.png"):
  vendor/bundle/ruby/2.1.0/gems/actionpack-4.2.1/lib/action_dispatch/middleware/debug_exceptions.rb:21:in `call'
  vendor/bundle/ruby/2.1.0/gems/actionpack-4.2.1/lib/action_dispatch/middleware/show_exceptions.rb:30:in `call'
  vendor/bundle/ruby/2.1.0/gems/railties-4.2.1/lib/rails/rack/logger.rb:38:in `call_app'
  vendor/bundle/ruby/2.1.0/gems/railties-4.2.1/lib/rails/rack/logger.rb:20:in `block in call'
  vendor/bundle/ruby/2.1.0/gems/activesupport-4.2.1/lib/active_support/tagged_logging.rb:68:in `block in tagged'
  vendor/bundle/ruby/2.1.0/gems/activesupport-4.2.1/lib/active_support/tagged_logging.rb:26:in `tagged'
  vendor/bundle/ruby/2.1.0/gems/activesupport-4.2.1/lib/active_support/tagged_logging.rb:68:in `tagged'
  vendor/bundle/ruby/2.1.0/gems/railties-4.2.1/lib/rails/rack/logger.rb:20:in `call'
  vendor/bundle/ruby/2.1.0/gems/actionpack-4.2.1/lib/action_dispatch/middleware/request_id.rb:21:in `call'
  vendor/bundle/ruby/2.1.0/gems/rack-1.6.0/lib/rack/methodoverride.rb:22:in `call'
  vendor/bundle/ruby/2.1.0/gems/rack-1.6.0/lib/rack/runtime.rb:18:in `call'
  vendor/bundle/ruby/2.1.0/gems/activesupport-4.2.1/lib/active_support/cache/strategy/local_cache_middleware.rb:28:in `call'
  vendor/bundle/ruby/2.1.0/gems/rack-1.6.0/lib/rack/lock.rb:17:in `call'
  vendor/bundle/ruby/2.1.0/gems/actionpack-4.2.1/lib/action_dispatch/middleware/static.rb:113:in `call'
  vendor/bundle/ruby/2.1.0/gems/rack-1.6.0/lib/rack/sendfile.rb:113:in `call'
  vendor/bundle/ruby/2.1.0/gems/railties-4.2.1/lib/rails/engine.rb:518:in `call'
  vendor/bundle/ruby/2.1.0/gems/railties-4.2.1/lib/rails/application.rb:164:in `call'
  vendor/bundle/ruby/2.1.0/gems/rack-1.6.0/lib/rack/lock.rb:17:in `call'
  vendor/bundle/ruby/2.1.0/gems/rack-1.6.0/lib/rack/content_length.rb:15:in `call'
  vendor/bundle/ruby/2.1.0/gems/rack-1.6.0/lib/rack/handler/webrick.rb:89:in `service'
  /Users/rava/.rvm/rubies/ruby-2.1.2/lib/ruby/2.1.0/webrick/httpserver.rb:138:in `service'
  /Users/rava/.rvm/rubies/ruby-2.1.2/lib/ruby/2.1.0/webrick/httpserver.rb:94:in `run'
  /Users/rava/.rvm/rubies/ruby-2.1.2/lib/ruby/2.1.0/webrick/server.rb:295:in `block in start_thread'


  Rendered vendor/bundle/ruby/2.1.0/gems/actionpack-4.2.1/lib/action_dispatch/middleware/templates/rescues/_trace.html.erb (5.1ms)
  Rendered vendor/bundle/ruby/2.1.0/gems/actionpack-4.2.1/lib/action_dispatch/middleware/templates/routes/_route.html.erb (2.9ms)
  Rendered vendor/bundle/ruby/2.1.0/gems/actionpack-4.2.1/lib/action_dispatch/middleware/templates/routes/_table.html.erb (37.3ms)
  Rendered vendor/bundle/ruby/2.1.0/gems/actionpack-4.2.1/lib/action_dispatch/middleware/templates/rescues/_request_and_response.html.erb (5.7ms)
  Rendered vendor/bundle/ruby/2.1.0/gems/actionpack-4.2.1/lib/action_dispatch/middleware/templates/rescues/routing_error.html.erb within rescues/layout (136.9ms)


Started GET "/apple-touch-icon.png" for ::1 at 2015-05-09 10:35:44 +0900

ActionController::RoutingError (No route matches [GET] "/apple-touch-icon.png"):
  vendor/bundle/ruby/2.1.0/gems/actionpack-4.2.1/lib/action_dispatch/middleware/debug_exceptions.rb:21:in `call'
  vendor/bundle/ruby/2.1.0/gems/actionpack-4.2.1/lib/action_dispatch/middleware/show_exceptions.rb:30:in `call'
  vendor/bundle/ruby/2.1.0/gems/railties-4.2.1/lib/rails/rack/logger.rb:38:in `call_app'
  vendor/bundle/ruby/2.1.0/gems/railties-4.2.1/lib/rails/rack/logger.rb:20:in `block in call'
  vendor/bundle/ruby/2.1.0/gems/activesupport-4.2.1/lib/active_support/tagged_logging.rb:68:in `block in tagged'
  vendor/bundle/ruby/2.1.0/gems/activesupport-4.2.1/lib/active_support/tagged_logging.rb:26:in `tagged'
  vendor/bundle/ruby/2.1.0/gems/activesupport-4.2.1/lib/active_support/tagged_logging.rb:68:in `tagged'
  vendor/bundle/ruby/2.1.0/gems/railties-4.2.1/lib/rails/rack/logger.rb:20:in `call'
  vendor/bundle/ruby/2.1.0/gems/actionpack-4.2.1/lib/action_dispatch/middleware/request_id.rb:21:in `call'
  vendor/bundle/ruby/2.1.0/gems/rack-1.6.0/lib/rack/methodoverride.rb:22:in `call'
  vendor/bundle/ruby/2.1.0/gems/rack-1.6.0/lib/rack/runtime.rb:18:in `call'
  vendor/bundle/ruby/2.1.0/gems/activesupport-4.2.1/lib/active_support/cache/strategy/local_cache_middleware.rb:28:in `call'
  vendor/bundle/ruby/2.1.0/gems/rack-1.6.0/lib/rack/lock.rb:17:in `call'
  vendor/bundle/ruby/2.1.0/gems/actionpack-4.2.1/lib/action_dispatch/middleware/static.rb:113:in `call'
  vendor/bundle/ruby/2.1.0/gems/rack-1.6.0/lib/rack/sendfile.rb:113:in `call'
  vendor/bundle/ruby/2.1.0/gems/railties-4.2.1/lib/rails/engine.rb:518:in `call'
  vendor/bundle/ruby/2.1.0/gems/railties-4.2.1/lib/rails/application.rb:164:in `call'
  vendor/bundle/ruby/2.1.0/gems/rack-1.6.0/lib/rack/lock.rb:17:in `call'
  vendor/bundle/ruby/2.1.0/gems/rack-1.6.0/lib/rack/content_length.rb:15:in `call'
  vendor/bundle/ruby/2.1.0/gems/rack-1.6.0/lib/rack/handler/webrick.rb:89:in `service'
  /Users/rava/.rvm/rubies/ruby-2.1.2/lib/ruby/2.1.0/webrick/httpserver.rb:138:in `service'
  /Users/rava/.rvm/rubies/ruby-2.1.2/lib/ruby/2.1.0/webrick/httpserver.rb:94:in `run'
  /Users/rava/.rvm/rubies/ruby-2.1.2/lib/ruby/2.1.0/webrick/server.rb:295:in `block in start_thread'


  Rendered vendor/bundle/ruby/2.1.0/gems/actionpack-4.2.1/lib/action_dispatch/middleware/templates/rescues/_trace.html.erb (2.9ms)
  Rendered vendor/bundle/ruby/2.1.0/gems/actionpack-4.2.1/lib/action_dispatch/middleware/templates/routes/_route.html.erb (2.1ms)
  Rendered vendor/bundle/ruby/2.1.0/gems/actionpack-4.2.1/lib/action_dispatch/middleware/templates/routes/_table.html.erb (2.9ms)
  Rendered vendor/bundle/ruby/2.1.0/gems/actionpack-4.2.1/lib/action_dispatch/middleware/templates/rescues/_request_and_response.html.erb (2.4ms)
  Rendered vendor/bundle/ruby/2.1.0/gems/actionpack-4.2.1/lib/action_dispatch/middleware/templates/rescues/routing_error.html.erb within rescues/layout (44.9ms)


Started GET "/" for ::1 at 2015-05-09 12:04:18 +0900
Processing by Rails::WelcomeController#index as HTML
  Rendered vendor/bundle/ruby/2.1.0/gems/railties-4.2.1/lib/rails/templates/rails/welcome/index.html.erb (2.4ms)
Completed 200 OK in 24ms (Views: 11.0ms | ActiveRecord: 0.0ms)


Started GET "/" for ::1 at 2015-05-09 12:04:22 +0900
Processing by Rails::WelcomeController#index as HTML
  Rendered vendor/bundle/ruby/2.1.0/gems/railties-4.2.1/lib/rails/templates/rails/welcome/index.html.erb (0.0ms)
Completed 200 OK in 1ms (Views: 0.9ms | ActiveRecord: 0.0ms)


Started GET "/home" for ::1 at 2015-05-09 12:04:23 +0900

ActionController::RoutingError (No route matches [GET] "/home"):
  vendor/bundle/ruby/2.1.0/gems/actionpack-4.2.1/lib/action_dispatch/middleware/debug_exceptions.rb:21:in `call'
  vendor/bundle/ruby/2.1.0/gems/actionpack-4.2.1/lib/action_dispatch/middleware/show_exceptions.rb:30:in `call'
  vendor/bundle/ruby/2.1.0/gems/railties-4.2.1/lib/rails/rack/logger.rb:38:in `call_app'
  vendor/bundle/ruby/2.1.0/gems/railties-4.2.1/lib/rails/rack/logger.rb:20:in `block in call'
  vendor/bundle/ruby/2.1.0/gems/activesupport-4.2.1/lib/active_support/tagged_logging.rb:68:in `block in tagged'
  vendor/bundle/ruby/2.1.0/gems/activesupport-4.2.1/lib/active_support/tagged_logging.rb:26:in `tagged'
  vendor/bundle/ruby/2.1.0/gems/activesupport-4.2.1/lib/active_support/tagged_logging.rb:68:in `tagged'
  vendor/bundle/ruby/2.1.0/gems/railties-4.2.1/lib/rails/rack/logger.rb:20:in `call'
  vendor/bundle/ruby/2.1.0/gems/actionpack-4.2.1/lib/action_dispatch/middleware/request_id.rb:21:in `call'
  vendor/bundle/ruby/2.1.0/gems/rack-1.6.0/lib/rack/methodoverride.rb:22:in `call'
  vendor/bundle/ruby/2.1.0/gems/rack-1.6.0/lib/rack/runtime.rb:18:in `call'
  vendor/bundle/ruby/2.1.0/gems/activesupport-4.2.1/lib/active_support/cache/strategy/local_cache_middleware.rb:28:in `call'
  vendor/bundle/ruby/2.1.0/gems/rack-1.6.0/lib/rack/lock.rb:17:in `call'
  vendor/bundle/ruby/2.1.0/gems/actionpack-4.2.1/lib/action_dispatch/middleware/static.rb:113:in `call'
  vendor/bundle/ruby/2.1.0/gems/rack-1.6.0/lib/rack/sendfile.rb:113:in `call'
  vendor/bundle/ruby/2.1.0/gems/railties-4.2.1/lib/rails/engine.rb:518:in `call'
  vendor/bundle/ruby/2.1.0/gems/railties-4.2.1/lib/rails/application.rb:164:in `call'
  vendor/bundle/ruby/2.1.0/gems/rack-1.6.0/lib/rack/lock.rb:17:in `call'
  vendor/bundle/ruby/2.1.0/gems/rack-1.6.0/lib/rack/content_length.rb:15:in `call'
  vendor/bundle/ruby/2.1.0/gems/rack-1.6.0/lib/rack/handler/webrick.rb:89:in `service'
  /Users/rava/.rvm/rubies/ruby-2.1.2/lib/ruby/2.1.0/webrick/httpserver.rb:138:in `service'
  /Users/rava/.rvm/rubies/ruby-2.1.2/lib/ruby/2.1.0/webrick/httpserver.rb:94:in `run'
  /Users/rava/.rvm/rubies/ruby-2.1.2/lib/ruby/2.1.0/webrick/server.rb:295:in `block in start_thread'


  Rendered vendor/bundle/ruby/2.1.0/gems/actionpack-4.2.1/lib/action_dispatch/middleware/templates/rescues/_trace.html.erb (1.7ms)
  Rendered vendor/bundle/ruby/2.1.0/gems/actionpack-4.2.1/lib/action_dispatch/middleware/templates/routes/_route.html.erb (1.0ms)
  Rendered vendor/bundle/ruby/2.1.0/gems/actionpack-4.2.1/lib/action_dispatch/middleware/templates/routes/_table.html.erb (11.2ms)
  Rendered vendor/bundle/ruby/2.1.0/gems/actionpack-4.2.1/lib/action_dispatch/middleware/templates/rescues/_request_and_response.html.erb (1.6ms)
  Rendered vendor/bundle/ruby/2.1.0/gems/actionpack-4.2.1/lib/action_dispatch/middleware/templates/rescues/routing_error.html.erb within rescues/layout (47.9ms)


Started GET "/home" for ::1 at 2015-05-09 12:04:33 +0900

ActionController::RoutingError (No route matches [GET] "/home"):
  vendor/bundle/ruby/2.1.0/gems/actionpack-4.2.1/lib/action_dispatch/middleware/debug_exceptions.rb:21:in `call'
  vendor/bundle/ruby/2.1.0/gems/actionpack-4.2.1/lib/action_dispatch/middleware/show_exceptions.rb:30:in `call'
  vendor/bundle/ruby/2.1.0/gems/railties-4.2.1/lib/rails/rack/logger.rb:38:in `call_app'
  vendor/bundle/ruby/2.1.0/gems/railties-4.2.1/lib/rails/rack/logger.rb:20:in `block in call'
  vendor/bundle/ruby/2.1.0/gems/activesupport-4.2.1/lib/active_support/tagged_logging.rb:68:in `block in tagged'
  vendor/bundle/ruby/2.1.0/gems/activesupport-4.2.1/lib/active_support/tagged_logging.rb:26:in `tagged'
  vendor/bundle/ruby/2.1.0/gems/activesupport-4.2.1/lib/active_support/tagged_logging.rb:68:in `tagged'
  vendor/bundle/ruby/2.1.0/gems/railties-4.2.1/lib/rails/rack/logger.rb:20:in `call'
  vendor/bundle/ruby/2.1.0/gems/actionpack-4.2.1/lib/action_dispatch/middleware/request_id.rb:21:in `call'
  vendor/bundle/ruby/2.1.0/gems/rack-1.6.0/lib/rack/methodoverride.rb:22:in `call'
  vendor/bundle/ruby/2.1.0/gems/rack-1.6.0/lib/rack/runtime.rb:18:in `call'
  vendor/bundle/ruby/2.1.0/gems/activesupport-4.2.1/lib/active_support/cache/strategy/local_cache_middleware.rb:28:in `call'
  vendor/bundle/ruby/2.1.0/gems/rack-1.6.0/lib/rack/lock.rb:17:in `call'
  vendor/bundle/ruby/2.1.0/gems/actionpack-4.2.1/lib/action_dispatch/middleware/static.rb:113:in `call'
  vendor/bundle/ruby/2.1.0/gems/rack-1.6.0/lib/rack/sendfile.rb:113:in `call'
  vendor/bundle/ruby/2.1.0/gems/railties-4.2.1/lib/rails/engine.rb:518:in `call'
  vendor/bundle/ruby/2.1.0/gems/railties-4.2.1/lib/rails/application.rb:164:in `call'
  vendor/bundle/ruby/2.1.0/gems/rack-1.6.0/lib/rack/lock.rb:17:in `call'
  vendor/bundle/ruby/2.1.0/gems/rack-1.6.0/lib/rack/content_length.rb:15:in `call'
  vendor/bundle/ruby/2.1.0/gems/rack-1.6.0/lib/rack/handler/webrick.rb:89:in `service'
  /Users/rava/.rvm/rubies/ruby-2.1.2/lib/ruby/2.1.0/webrick/httpserver.rb:138:in `service'
  /Users/rava/.rvm/rubies/ruby-2.1.2/lib/ruby/2.1.0/webrick/httpserver.rb:94:in `run'
  /Users/rava/.rvm/rubies/ruby-2.1.2/lib/ruby/2.1.0/webrick/server.rb:295:in `block in start_thread'


  Rendered vendor/bundle/ruby/2.1.0/gems/actionpack-4.2.1/lib/action_dispatch/middleware/templates/rescues/_trace.html.erb (2.9ms)
  Rendered vendor/bundle/ruby/2.1.0/gems/actionpack-4.2.1/lib/action_dispatch/middleware/templates/routes/_route.html.erb (1.4ms)
  Rendered vendor/bundle/ruby/2.1.0/gems/actionpack-4.2.1/lib/action_dispatch/middleware/templates/routes/_table.html.erb (1.5ms)
  Rendered vendor/bundle/ruby/2.1.0/gems/actionpack-4.2.1/lib/action_dispatch/middleware/templates/rescues/_request_and_response.html.erb (1.4ms)
  Rendered vendor/bundle/ruby/2.1.0/gems/actionpack-4.2.1/lib/action_dispatch/middleware/templates/rescues/routing_error.html.erb within rescues/layout (33.0ms)


Started GET "/" for ::1 at 2015-05-09 12:04:34 +0900
Processing by Rails::WelcomeController#index as HTML
  Rendered vendor/bundle/ruby/2.1.0/gems/railties-4.2.1/lib/rails/templates/rails/welcome/index.html.erb (0.1ms)
Completed 200 OK in 2ms (Views: 0.9ms | ActiveRecord: 0.0ms)


Started GET "/" for ::1 at 2015-05-09 12:04:35 +0900
Processing by Rails::WelcomeController#index as HTML
  Rendered vendor/bundle/ruby/2.1.0/gems/railties-4.2.1/lib/rails/templates/rails/welcome/index.html.erb (0.0ms)
Completed 200 OK in 1ms (Views: 1.0ms | ActiveRecord: 0.0ms)


Started GET "/home" for ::1 at 2015-05-09 12:04:35 +0900

ActionController::RoutingError (No route matches [GET] "/home"):
  vendor/bundle/ruby/2.1.0/gems/actionpack-4.2.1/lib/action_dispatch/middleware/debug_exceptions.rb:21:in `call'
  vendor/bundle/ruby/2.1.0/gems/actionpack-4.2.1/lib/action_dispatch/middleware/show_exceptions.rb:30:in `call'
  vendor/bundle/ruby/2.1.0/gems/railties-4.2.1/lib/rails/rack/logger.rb:38:in `call_app'
  vendor/bundle/ruby/2.1.0/gems/railties-4.2.1/lib/rails/rack/logger.rb:20:in `block in call'
  vendor/bundle/ruby/2.1.0/gems/activesupport-4.2.1/lib/active_support/tagged_logging.rb:68:in `block in tagged'
  vendor/bundle/ruby/2.1.0/gems/activesupport-4.2.1/lib/active_support/tagged_logging.rb:26:in `tagged'
  vendor/bundle/ruby/2.1.0/gems/activesupport-4.2.1/lib/active_support/tagged_logging.rb:68:in `tagged'
  vendor/bundle/ruby/2.1.0/gems/railties-4.2.1/lib/rails/rack/logger.rb:20:in `call'
  vendor/bundle/ruby/2.1.0/gems/actionpack-4.2.1/lib/action_dispatch/middleware/request_id.rb:21:in `call'
  vendor/bundle/ruby/2.1.0/gems/rack-1.6.0/lib/rack/methodoverride.rb:22:in `call'
  vendor/bundle/ruby/2.1.0/gems/rack-1.6.0/lib/rack/runtime.rb:18:in `call'
  vendor/bundle/ruby/2.1.0/gems/activesupport-4.2.1/lib/active_support/cache/strategy/local_cache_middleware.rb:28:in `call'
  vendor/bundle/ruby/2.1.0/gems/rack-1.6.0/lib/rack/lock.rb:17:in `call'
  vendor/bundle/ruby/2.1.0/gems/actionpack-4.2.1/lib/action_dispatch/middleware/static.rb:113:in `call'
  vendor/bundle/ruby/2.1.0/gems/rack-1.6.0/lib/rack/sendfile.rb:113:in `call'
  vendor/bundle/ruby/2.1.0/gems/railties-4.2.1/lib/rails/engine.rb:518:in `call'
  vendor/bundle/ruby/2.1.0/gems/railties-4.2.1/lib/rails/application.rb:164:in `call'
  vendor/bundle/ruby/2.1.0/gems/rack-1.6.0/lib/rack/lock.rb:17:in `call'
  vendor/bundle/ruby/2.1.0/gems/rack-1.6.0/lib/rack/content_length.rb:15:in `call'
  vendor/bundle/ruby/2.1.0/gems/rack-1.6.0/lib/rack/handler/webrick.rb:89:in `service'
  /Users/rava/.rvm/rubies/ruby-2.1.2/lib/ruby/2.1.0/webrick/httpserver.rb:138:in `service'
  /Users/rava/.rvm/rubies/ruby-2.1.2/lib/ruby/2.1.0/webrick/httpserver.rb:94:in `run'
  /Users/rava/.rvm/rubies/ruby-2.1.2/lib/ruby/2.1.0/webrick/server.rb:295:in `block in start_thread'


  Rendered vendor/bundle/ruby/2.1.0/gems/actionpack-4.2.1/lib/action_dispatch/middleware/templates/rescues/_trace.html.erb (1.6ms)
  Rendered vendor/bundle/ruby/2.1.0/gems/actionpack-4.2.1/lib/action_dispatch/middleware/templates/routes/_route.html.erb (1.1ms)
  Rendered vendor/bundle/ruby/2.1.0/gems/actionpack-4.2.1/lib/action_dispatch/middleware/templates/routes/_table.html.erb (1.9ms)
  Rendered vendor/bundle/ruby/2.1.0/gems/actionpack-4.2.1/lib/action_dispatch/middleware/templates/rescues/_request_and_response.html.erb (2.8ms)
  Rendered vendor/bundle/ruby/2.1.0/gems/actionpack-4.2.1/lib/action_dispatch/middleware/templates/rescues/routing_error.html.erb within rescues/layout (32.0ms)


Started GET "/home" for ::1 at 2015-05-09 12:04:38 +0900

ActionController::RoutingError (No route matches [GET] "/home"):
  vendor/bundle/ruby/2.1.0/gems/actionpack-4.2.1/lib/action_dispatch/middleware/debug_exceptions.rb:21:in `call'
  vendor/bundle/ruby/2.1.0/gems/actionpack-4.2.1/lib/action_dispatch/middleware/show_exceptions.rb:30:in `call'
  vendor/bundle/ruby/2.1.0/gems/railties-4.2.1/lib/rails/rack/logger.rb:38:in `call_app'
  vendor/bundle/ruby/2.1.0/gems/railties-4.2.1/lib/rails/rack/logger.rb:20:in `block in call'
  vendor/bundle/ruby/2.1.0/gems/activesupport-4.2.1/lib/active_support/tagged_logging.rb:68:in `block in tagged'
  vendor/bundle/ruby/2.1.0/gems/activesupport-4.2.1/lib/active_support/tagged_logging.rb:26:in `tagged'
  vendor/bundle/ruby/2.1.0/gems/activesupport-4.2.1/lib/active_support/tagged_logging.rb:68:in `tagged'
  vendor/bundle/ruby/2.1.0/gems/railties-4.2.1/lib/rails/rack/logger.rb:20:in `call'
  vendor/bundle/ruby/2.1.0/gems/actionpack-4.2.1/lib/action_dispatch/middleware/request_id.rb:21:in `call'
  vendor/bundle/ruby/2.1.0/gems/rack-1.6.0/lib/rack/methodoverride.rb:22:in `call'
  vendor/bundle/ruby/2.1.0/gems/rack-1.6.0/lib/rack/runtime.rb:18:in `call'
  vendor/bundle/ruby/2.1.0/gems/activesupport-4.2.1/lib/active_support/cache/strategy/local_cache_middleware.rb:28:in `call'
  vendor/bundle/ruby/2.1.0/gems/rack-1.6.0/lib/rack/lock.rb:17:in `call'
  vendor/bundle/ruby/2.1.0/gems/actionpack-4.2.1/lib/action_dispatch/middleware/static.rb:113:in `call'
  vendor/bundle/ruby/2.1.0/gems/rack-1.6.0/lib/rack/sendfile.rb:113:in `call'
  vendor/bundle/ruby/2.1.0/gems/railties-4.2.1/lib/rails/engine.rb:518:in `call'
  vendor/bundle/ruby/2.1.0/gems/railties-4.2.1/lib/rails/application.rb:164:in `call'
  vendor/bundle/ruby/2.1.0/gems/rack-1.6.0/lib/rack/lock.rb:17:in `call'
  vendor/bundle/ruby/2.1.0/gems/rack-1.6.0/lib/rack/content_length.rb:15:in `call'
  vendor/bundle/ruby/2.1.0/gems/rack-1.6.0/lib/rack/handler/webrick.rb:89:in `service'
  /Users/rava/.rvm/rubies/ruby-2.1.2/lib/ruby/2.1.0/webrick/httpserver.rb:138:in `service'
  /Users/rava/.rvm/rubies/ruby-2.1.2/lib/ruby/2.1.0/webrick/httpserver.rb:94:in `run'
  /Users/rava/.rvm/rubies/ruby-2.1.2/lib/ruby/2.1.0/webrick/server.rb:295:in `block in start_thread'


  Rendered vendor/bundle/ruby/2.1.0/gems/actionpack-4.2.1/lib/action_dispatch/middleware/templates/rescues/_trace.html.erb (1.5ms)
  Rendered vendor/bundle/ruby/2.1.0/gems/actionpack-4.2.1/lib/action_dispatch/middleware/templates/routes/_route.html.erb (1.1ms)
  Rendered vendor/bundle/ruby/2.1.0/gems/actionpack-4.2.1/lib/action_dispatch/middleware/templates/routes/_table.html.erb (1.5ms)
  Rendered vendor/bundle/ruby/2.1.0/gems/actionpack-4.2.1/lib/action_dispatch/middleware/templates/rescues/_request_and_response.html.erb (1.8ms)
  Rendered vendor/bundle/ruby/2.1.0/gems/actionpack-4.2.1/lib/action_dispatch/middleware/templates/rescues/routing_error.html.erb within rescues/layout (29.3ms)


Started GET "/" for ::1 at 2015-05-09 12:04:39 +0900
Processing by Rails::WelcomeController#index as HTML
  Rendered vendor/bundle/ruby/2.1.0/gems/railties-4.2.1/lib/rails/templates/rails/welcome/index.html.erb (0.1ms)
Completed 200 OK in 2ms (Views: 1.0ms | ActiveRecord: 0.0ms)


Started GET "/help" for ::1 at 2015-05-09 12:04:40 +0900

ActionController::RoutingError (No route matches [GET] "/help"):
  vendor/bundle/ruby/2.1.0/gems/actionpack-4.2.1/lib/action_dispatch/middleware/debug_exceptions.rb:21:in `call'
  vendor/bundle/ruby/2.1.0/gems/actionpack-4.2.1/lib/action_dispatch/middleware/show_exceptions.rb:30:in `call'
  vendor/bundle/ruby/2.1.0/gems/railties-4.2.1/lib/rails/rack/logger.rb:38:in `call_app'
  vendor/bundle/ruby/2.1.0/gems/railties-4.2.1/lib/rails/rack/logger.rb:20:in `block in call'
  vendor/bundle/ruby/2.1.0/gems/activesupport-4.2.1/lib/active_support/tagged_logging.rb:68:in `block in tagged'
  vendor/bundle/ruby/2.1.0/gems/activesupport-4.2.1/lib/active_support/tagged_logging.rb:26:in `tagged'
  vendor/bundle/ruby/2.1.0/gems/activesupport-4.2.1/lib/active_support/tagged_logging.rb:68:in `tagged'
  vendor/bundle/ruby/2.1.0/gems/railties-4.2.1/lib/rails/rack/logger.rb:20:in `call'
  vendor/bundle/ruby/2.1.0/gems/actionpack-4.2.1/lib/action_dispatch/middleware/request_id.rb:21:in `call'
  vendor/bundle/ruby/2.1.0/gems/rack-1.6.0/lib/rack/methodoverride.rb:22:in `call'
  vendor/bundle/ruby/2.1.0/gems/rack-1.6.0/lib/rack/runtime.rb:18:in `call'
  vendor/bundle/ruby/2.1.0/gems/activesupport-4.2.1/lib/active_support/cache/strategy/local_cache_middleware.rb:28:in `call'
  vendor/bundle/ruby/2.1.0/gems/rack-1.6.0/lib/rack/lock.rb:17:in `call'
  vendor/bundle/ruby/2.1.0/gems/actionpack-4.2.1/lib/action_dispatch/middleware/static.rb:113:in `call'
  vendor/bundle/ruby/2.1.0/gems/rack-1.6.0/lib/rack/sendfile.rb:113:in `call'
  vendor/bundle/ruby/2.1.0/gems/railties-4.2.1/lib/rails/engine.rb:518:in `call'
  vendor/bundle/ruby/2.1.0/gems/railties-4.2.1/lib/rails/application.rb:164:in `call'
  vendor/bundle/ruby/2.1.0/gems/rack-1.6.0/lib/rack/lock.rb:17:in `call'
  vendor/bundle/ruby/2.1.0/gems/rack-1.6.0/lib/rack/content_length.rb:15:in `call'
  vendor/bundle/ruby/2.1.0/gems/rack-1.6.0/lib/rack/handler/webrick.rb:89:in `service'
  /Users/rava/.rvm/rubies/ruby-2.1.2/lib/ruby/2.1.0/webrick/httpserver.rb:138:in `service'
  /Users/rava/.rvm/rubies/ruby-2.1.2/lib/ruby/2.1.0/webrick/httpserver.rb:94:in `run'
  /Users/rava/.rvm/rubies/ruby-2.1.2/lib/ruby/2.1.0/webrick/server.rb:295:in `block in start_thread'


  Rendered vendor/bundle/ruby/2.1.0/gems/actionpack-4.2.1/lib/action_dispatch/middleware/templates/rescues/_trace.html.erb (1.5ms)
  Rendered vendor/bundle/ruby/2.1.0/gems/actionpack-4.2.1/lib/action_dispatch/middleware/templates/routes/_route.html.erb (0.9ms)
  Rendered vendor/bundle/ruby/2.1.0/gems/actionpack-4.2.1/lib/action_dispatch/middleware/templates/routes/_table.html.erb (1.6ms)
  Rendered vendor/bundle/ruby/2.1.0/gems/actionpack-4.2.1/lib/action_dispatch/middleware/templates/rescues/_request_and_response.html.erb (1.3ms)
  Rendered vendor/bundle/ruby/2.1.0/gems/actionpack-4.2.1/lib/action_dispatch/middleware/templates/rescues/routing_error.html.erb within rescues/layout (28.3ms)


Started GET "/help" for ::1 at 2015-05-09 12:04:48 +0900

ActionController::RoutingError (No route matches [GET] "/help"):
  vendor/bundle/ruby/2.1.0/gems/actionpack-4.2.1/lib/action_dispatch/middleware/debug_exceptions.rb:21:in `call'
  vendor/bundle/ruby/2.1.0/gems/actionpack-4.2.1/lib/action_dispatch/middleware/show_exceptions.rb:30:in `call'
  vendor/bundle/ruby/2.1.0/gems/railties-4.2.1/lib/rails/rack/logger.rb:38:in `call_app'
  vendor/bundle/ruby/2.1.0/gems/railties-4.2.1/lib/rails/rack/logger.rb:20:in `block in call'
  vendor/bundle/ruby/2.1.0/gems/activesupport-4.2.1/lib/active_support/tagged_logging.rb:68:in `block in tagged'
  vendor/bundle/ruby/2.1.0/gems/activesupport-4.2.1/lib/active_support/tagged_logging.rb:26:in `tagged'
  vendor/bundle/ruby/2.1.0/gems/activesupport-4.2.1/lib/active_support/tagged_logging.rb:68:in `tagged'
  vendor/bundle/ruby/2.1.0/gems/railties-4.2.1/lib/rails/rack/logger.rb:20:in `call'
  vendor/bundle/ruby/2.1.0/gems/actionpack-4.2.1/lib/action_dispatch/middleware/request_id.rb:21:in `call'
  vendor/bundle/ruby/2.1.0/gems/rack-1.6.0/lib/rack/methodoverride.rb:22:in `call'
  vendor/bundle/ruby/2.1.0/gems/rack-1.6.0/lib/rack/runtime.rb:18:in `call'
  vendor/bundle/ruby/2.1.0/gems/activesupport-4.2.1/lib/active_support/cache/strategy/local_cache_middleware.rb:28:in `call'
  vendor/bundle/ruby/2.1.0/gems/rack-1.6.0/lib/rack/lock.rb:17:in `call'
  vendor/bundle/ruby/2.1.0/gems/actionpack-4.2.1/lib/action_dispatch/middleware/static.rb:113:in `call'
  vendor/bundle/ruby/2.1.0/gems/rack-1.6.0/lib/rack/sendfile.rb:113:in `call'
  vendor/bundle/ruby/2.1.0/gems/railties-4.2.1/lib/rails/engine.rb:518:in `call'
  vendor/bundle/ruby/2.1.0/gems/railties-4.2.1/lib/rails/application.rb:164:in `call'
  vendor/bundle/ruby/2.1.0/gems/rack-1.6.0/lib/rack/lock.rb:17:in `call'
  vendor/bundle/ruby/2.1.0/gems/rack-1.6.0/lib/rack/content_length.rb:15:in `call'
  vendor/bundle/ruby/2.1.0/gems/rack-1.6.0/lib/rack/handler/webrick.rb:89:in `service'
  /Users/rava/.rvm/rubies/ruby-2.1.2/lib/ruby/2.1.0/webrick/httpserver.rb:138:in `service'
  /Users/rava/.rvm/rubies/ruby-2.1.2/lib/ruby/2.1.0/webrick/httpserver.rb:94:in `run'
  /Users/rava/.rvm/rubies/ruby-2.1.2/lib/ruby/2.1.0/webrick/server.rb:295:in `block in start_thread'


  Rendered vendor/bundle/ruby/2.1.0/gems/actionpack-4.2.1/lib/action_dispatch/middleware/templates/rescues/_trace.html.erb (1.4ms)
  Rendered vendor/bundle/ruby/2.1.0/gems/actionpack-4.2.1/lib/action_dispatch/middleware/templates/routes/_route.html.erb (1.8ms)
  Rendered vendor/bundle/ruby/2.1.0/gems/actionpack-4.2.1/lib/action_dispatch/middleware/templates/routes/_table.html.erb (1.8ms)
  Rendered vendor/bundle/ruby/2.1.0/gems/actionpack-4.2.1/lib/action_dispatch/middleware/templates/rescues/_request_and_response.html.erb (1.5ms)
  Rendered vendor/bundle/ruby/2.1.0/gems/actionpack-4.2.1/lib/action_dispatch/middleware/templates/rescues/routing_error.html.erb within rescues/layout (31.6ms)


Started GET "/help" for ::1 at 2015-05-09 12:04:48 +0900

ActionController::RoutingError (No route matches [GET] "/help"):
  vendor/bundle/ruby/2.1.0/gems/actionpack-4.2.1/lib/action_dispatch/middleware/debug_exceptions.rb:21:in `call'
  vendor/bundle/ruby/2.1.0/gems/actionpack-4.2.1/lib/action_dispatch/middleware/show_exceptions.rb:30:in `call'
  vendor/bundle/ruby/2.1.0/gems/railties-4.2.1/lib/rails/rack/logger.rb:38:in `call_app'
  vendor/bundle/ruby/2.1.0/gems/railties-4.2.1/lib/rails/rack/logger.rb:20:in `block in call'
  vendor/bundle/ruby/2.1.0/gems/activesupport-4.2.1/lib/active_support/tagged_logging.rb:68:in `block in tagged'
  vendor/bundle/ruby/2.1.0/gems/activesupport-4.2.1/lib/active_support/tagged_logging.rb:26:in `tagged'
  vendor/bundle/ruby/2.1.0/gems/activesupport-4.2.1/lib/active_support/tagged_logging.rb:68:in `tagged'
  vendor/bundle/ruby/2.1.0/gems/railties-4.2.1/lib/rails/rack/logger.rb:20:in `call'
  vendor/bundle/ruby/2.1.0/gems/actionpack-4.2.1/lib/action_dispatch/middleware/request_id.rb:21:in `call'
  vendor/bundle/ruby/2.1.0/gems/rack-1.6.0/lib/rack/methodoverride.rb:22:in `call'
  vendor/bundle/ruby/2.1.0/gems/rack-1.6.0/lib/rack/runtime.rb:18:in `call'
  vendor/bundle/ruby/2.1.0/gems/activesupport-4.2.1/lib/active_support/cache/strategy/local_cache_middleware.rb:28:in `call'
  vendor/bundle/ruby/2.1.0/gems/rack-1.6.0/lib/rack/lock.rb:17:in `call'
  vendor/bundle/ruby/2.1.0/gems/actionpack-4.2.1/lib/action_dispatch/middleware/static.rb:113:in `call'
  vendor/bundle/ruby/2.1.0/gems/rack-1.6.0/lib/rack/sendfile.rb:113:in `call'
  vendor/bundle/ruby/2.1.0/gems/railties-4.2.1/lib/rails/engine.rb:518:in `call'
  vendor/bundle/ruby/2.1.0/gems/railties-4.2.1/lib/rails/application.rb:164:in `call'
  vendor/bundle/ruby/2.1.0/gems/rack-1.6.0/lib/rack/lock.rb:17:in `call'
  vendor/bundle/ruby/2.1.0/gems/rack-1.6.0/lib/rack/content_length.rb:15:in `call'
  vendor/bundle/ruby/2.1.0/gems/rack-1.6.0/lib/rack/handler/webrick.rb:89:in `service'
  /Users/rava/.rvm/rubies/ruby-2.1.2/lib/ruby/2.1.0/webrick/httpserver.rb:138:in `service'
  /Users/rava/.rvm/rubies/ruby-2.1.2/lib/ruby/2.1.0/webrick/httpserver.rb:94:in `run'
  /Users/rava/.rvm/rubies/ruby-2.1.2/lib/ruby/2.1.0/webrick/server.rb:295:in `block in start_thread'


  Rendered vendor/bundle/ruby/2.1.0/gems/actionpack-4.2.1/lib/action_dispatch/middleware/templates/rescues/_trace.html.erb (2.8ms)
  Rendered vendor/bundle/ruby/2.1.0/gems/actionpack-4.2.1/lib/action_dispatch/middleware/templates/routes/_route.html.erb (7.1ms)
  Rendered vendor/bundle/ruby/2.1.0/gems/actionpack-4.2.1/lib/action_dispatch/middleware/templates/routes/_table.html.erb (2.2ms)
  Rendered vendor/bundle/ruby/2.1.0/gems/actionpack-4.2.1/lib/action_dispatch/middleware/templates/rescues/_request_and_response.html.erb (1.4ms)
  Rendered vendor/bundle/ruby/2.1.0/gems/actionpack-4.2.1/lib/action_dispatch/middleware/templates/rescues/routing_error.html.erb within rescues/layout (37.0ms)


Started GET "/home" for ::1 at 2015-05-09 12:04:49 +0900

ActionController::RoutingError (No route matches [GET] "/home"):
  vendor/bundle/ruby/2.1.0/gems/actionpack-4.2.1/lib/action_dispatch/middleware/debug_exceptions.rb:21:in `call'
  vendor/bundle/ruby/2.1.0/gems/actionpack-4.2.1/lib/action_dispatch/middleware/show_exceptions.rb:30:in `call'
  vendor/bundle/ruby/2.1.0/gems/railties-4.2.1/lib/rails/rack/logger.rb:38:in `call_app'
  vendor/bundle/ruby/2.1.0/gems/railties-4.2.1/lib/rails/rack/logger.rb:20:in `block in call'
  vendor/bundle/ruby/2.1.0/gems/activesupport-4.2.1/lib/active_support/tagged_logging.rb:68:in `block in tagged'
  vendor/bundle/ruby/2.1.0/gems/activesupport-4.2.1/lib/active_support/tagged_logging.rb:26:in `tagged'
  vendor/bundle/ruby/2.1.0/gems/activesupport-4.2.1/lib/active_support/tagged_logging.rb:68:in `tagged'
  vendor/bundle/ruby/2.1.0/gems/railties-4.2.1/lib/rails/rack/logger.rb:20:in `call'
  vendor/bundle/ruby/2.1.0/gems/actionpack-4.2.1/lib/action_dispatch/middleware/request_id.rb:21:in `call'
  vendor/bundle/ruby/2.1.0/gems/rack-1.6.0/lib/rack/methodoverride.rb:22:in `call'
  vendor/bundle/ruby/2.1.0/gems/rack-1.6.0/lib/rack/runtime.rb:18:in `call'
  vendor/bundle/ruby/2.1.0/gems/activesupport-4.2.1/lib/active_support/cache/strategy/local_cache_middleware.rb:28:in `call'
  vendor/bundle/ruby/2.1.0/gems/rack-1.6.0/lib/rack/lock.rb:17:in `call'
  vendor/bundle/ruby/2.1.0/gems/actionpack-4.2.1/lib/action_dispatch/middleware/static.rb:113:in `call'
  vendor/bundle/ruby/2.1.0/gems/rack-1.6.0/lib/rack/sendfile.rb:113:in `call'
  vendor/bundle/ruby/2.1.0/gems/railties-4.2.1/lib/rails/engine.rb:518:in `call'
  vendor/bundle/ruby/2.1.0/gems/railties-4.2.1/lib/rails/application.rb:164:in `call'
  vendor/bundle/ruby/2.1.0/gems/rack-1.6.0/lib/rack/lock.rb:17:in `call'
  vendor/bundle/ruby/2.1.0/gems/rack-1.6.0/lib/rack/content_length.rb:15:in `call'
  vendor/bundle/ruby/2.1.0/gems/rack-1.6.0/lib/rack/handler/webrick.rb:89:in `service'
  /Users/rava/.rvm/rubies/ruby-2.1.2/lib/ruby/2.1.0/webrick/httpserver.rb:138:in `service'
  /Users/rava/.rvm/rubies/ruby-2.1.2/lib/ruby/2.1.0/webrick/httpserver.rb:94:in `run'
  /Users/rava/.rvm/rubies/ruby-2.1.2/lib/ruby/2.1.0/webrick/server.rb:295:in `block in start_thread'


  Rendered vendor/bundle/ruby/2.1.0/gems/actionpack-4.2.1/lib/action_dispatch/middleware/templates/rescues/_trace.html.erb (1.6ms)
  Rendered vendor/bundle/ruby/2.1.0/gems/actionpack-4.2.1/lib/action_dispatch/middleware/templates/routes/_route.html.erb (0.9ms)
  Rendered vendor/bundle/ruby/2.1.0/gems/actionpack-4.2.1/lib/action_dispatch/middleware/templates/routes/_table.html.erb (1.5ms)
  Rendered vendor/bundle/ruby/2.1.0/gems/actionpack-4.2.1/lib/action_dispatch/middleware/templates/rescues/_request_and_response.html.erb (1.2ms)
  Rendered vendor/bundle/ruby/2.1.0/gems/actionpack-4.2.1/lib/action_dispatch/middleware/templates/rescues/routing_error.html.erb within rescues/layout (26.1ms)


Started GET "/" for ::1 at 2015-05-09 12:04:49 +0900
Processing by Rails::WelcomeController#index as HTML
  Rendered vendor/bundle/ruby/2.1.0/gems/railties-4.2.1/lib/rails/templates/rails/welcome/index.html.erb (0.1ms)
Completed 200 OK in 2ms (Views: 1.0ms | ActiveRecord: 0.0ms)


Started GET "/static_pages/help" for ::1 at 2015-05-09 12:04:50 +0900
Processing by StaticPagesController#help as HTML
  Rendered static_pages/help.html.erb within layouts/application (0.4ms)
Completed 200 OK in 236ms (Views: 234.6ms | ActiveRecord: 0.0ms)


Started GET "/assets/static_pages.self-e3b0c44298fc1c149afbf4c8996fb92427ae41e4649b934ca495991b7852b855.css?body=1" for ::1 at 2015-05-09 12:04:50 +0900


Started GET "/static_pages/home" for ::1 at 2015-05-09 12:04:53 +0900
Processing by StaticPagesController#home as HTML
  Rendered static_pages/home.html.erb within layouts/application (0.4ms)
Completed 200 OK in 29ms (Views: 28.1ms | ActiveRecord: 0.0ms)


Started GET "/assets/static_pages.self-e3b0c44298fc1c149afbf4c8996fb92427ae41e4649b934ca495991b7852b855.css?body=1" for ::1 at 2015-05-09 12:04:53 +0900


Started GET "/static_pages/home" for ::1 at 2015-05-09 12:07:06 +0900
  [1m[36mActiveRecord::SchemaMigration Load (0.7ms)[0m  [1mSELECT "schema_migrations".* FROM "schema_migrations"[0m

ActiveRecord::PendingMigrationError (

Migrations are pending. To resolve this issue, run:

	bin/rake db:migrate RAILS_ENV=development

):
  vendor/bundle/ruby/2.1.0/gems/activerecord-4.2.1/lib/active_record/migration.rb:393:in `check_pending!'
  vendor/bundle/ruby/2.1.0/gems/activerecord-4.2.1/lib/active_record/migration.rb:374:in `call'
  vendor/bundle/ruby/2.1.0/gems/actionpack-4.2.1/lib/action_dispatch/middleware/callbacks.rb:29:in `block in call'
  vendor/bundle/ruby/2.1.0/gems/activesupport-4.2.1/lib/active_support/callbacks.rb:88:in `call'
  vendor/bundle/ruby/2.1.0/gems/activesupport-4.2.1/lib/active_support/callbacks.rb:88:in `_run_callbacks'
  vendor/bundle/ruby/2.1.0/gems/activesupport-4.2.1/lib/active_support/callbacks.rb:776:in `_run_call_callbacks'
  vendor/bundle/ruby/2.1.0/gems/activesupport-4.2.1/lib/active_support/callbacks.rb:81:in `run_callbacks'
  vendor/bundle/ruby/2.1.0/gems/actionpack-4.2.1/lib/action_dispatch/middleware/callbacks.rb:27:in `call'
  vendor/bundle/ruby/2.1.0/gems/actionpack-4.2.1/lib/action_dispatch/middleware/reloader.rb:73:in `call'
  vendor/bundle/ruby/2.1.0/gems/actionpack-4.2.1/lib/action_dispatch/middleware/remote_ip.rb:78:in `call'
  vendor/bundle/ruby/2.1.0/gems/actionpack-4.2.1/lib/action_dispatch/middleware/debug_exceptions.rb:17:in `call'
  vendor/bundle/ruby/2.1.0/gems/actionpack-4.2.1/lib/action_dispatch/middleware/show_exceptions.rb:30:in `call'
  vendor/bundle/ruby/2.1.0/gems/railties-4.2.1/lib/rails/rack/logger.rb:38:in `call_app'
  vendor/bundle/ruby/2.1.0/gems/railties-4.2.1/lib/rails/rack/logger.rb:20:in `block in call'
  vendor/bundle/ruby/2.1.0/gems/activesupport-4.2.1/lib/active_support/tagged_logging.rb:68:in `block in tagged'
  vendor/bundle/ruby/2.1.0/gems/activesupport-4.2.1/lib/active_support/tagged_logging.rb:26:in `tagged'
  vendor/bundle/ruby/2.1.0/gems/activesupport-4.2.1/lib/active_support/tagged_logging.rb:68:in `tagged'
  vendor/bundle/ruby/2.1.0/gems/railties-4.2.1/lib/rails/rack/logger.rb:20:in `call'
  vendor/bundle/ruby/2.1.0/gems/actionpack-4.2.1/lib/action_dispatch/middleware/request_id.rb:21:in `call'
  vendor/bundle/ruby/2.1.0/gems/rack-1.6.0/lib/rack/methodoverride.rb:22:in `call'
  vendor/bundle/ruby/2.1.0/gems/rack-1.6.0/lib/rack/runtime.rb:18:in `call'
  vendor/bundle/ruby/2.1.0/gems/activesupport-4.2.1/lib/active_support/cache/strategy/local_cache_middleware.rb:28:in `call'
  vendor/bundle/ruby/2.1.0/gems/rack-1.6.0/lib/rack/lock.rb:17:in `call'
  vendor/bundle/ruby/2.1.0/gems/actionpack-4.2.1/lib/action_dispatch/middleware/static.rb:113:in `call'
  vendor/bundle/ruby/2.1.0/gems/rack-1.6.0/lib/rack/sendfile.rb:113:in `call'
  vendor/bundle/ruby/2.1.0/gems/railties-4.2.1/lib/rails/engine.rb:518:in `call'
  vendor/bundle/ruby/2.1.0/gems/railties-4.2.1/lib/rails/application.rb:164:in `call'
  vendor/bundle/ruby/2.1.0/gems/rack-1.6.0/lib/rack/lock.rb:17:in `call'
  vendor/bundle/ruby/2.1.0/gems/rack-1.6.0/lib/rack/content_length.rb:15:in `call'
  vendor/bundle/ruby/2.1.0/gems/rack-1.6.0/lib/rack/handler/webrick.rb:89:in `service'
  /Users/rava/.rvm/rubies/ruby-2.1.2/lib/ruby/2.1.0/webrick/httpserver.rb:138:in `service'
  /Users/rava/.rvm/rubies/ruby-2.1.2/lib/ruby/2.1.0/webrick/httpserver.rb:94:in `run'
  /Users/rava/.rvm/rubies/ruby-2.1.2/lib/ruby/2.1.0/webrick/server.rb:295:in `block in start_thread'


  Rendered vendor/bundle/ruby/2.1.0/gems/actionpack-4.2.1/lib/action_dispatch/middleware/templates/rescues/_source.erb (3.1ms)
  Rendered vendor/bundle/ruby/2.1.0/gems/actionpack-4.2.1/lib/action_dispatch/middleware/templates/rescues/_trace.html.erb (1.6ms)
  Rendered vendor/bundle/ruby/2.1.0/gems/actionpack-4.2.1/lib/action_dispatch/middleware/templates/rescues/_request_and_response.html.erb (1.0ms)
  Rendered vendor/bundle/ruby/2.1.0/gems/actionpack-4.2.1/lib/action_dispatch/middleware/templates/rescues/diagnostics.html.erb within rescues/layout (27.5ms)
  [1m[36mActiveRecord::SchemaMigration Load (0.1ms)[0m  [1mSELECT "schema_migrations".* FROM "schema_migrations"[0m
Migrating to CreateUsers (20150508114623)
  [1m[35m (0.1ms)[0m  begin transaction
  [1m[36m (0.5ms)[0m  [1mCREATE TABLE "users" ("id" INTEGER PRIMARY KEY AUTOINCREMENT NOT NULL, "name" varchar, "email" varchar, "created_at" datetime NOT NULL, "updated_at" datetime NOT NULL) [0m
  [1m[35mSQL (0.2ms)[0m  INSERT INTO "schema_migrations" ("version") VALUES (?)  [["version", "20150508114623"]]
  [1m[36m (1.0ms)[0m  [1mcommit transaction[0m
Migrating to AddIndexToUsersEmail (20150508131112)
  [1m[35m (0.1ms)[0m  begin transaction
  [1m[36m (0.1ms)[0m  [1mselect sqlite_version(*)[0m
  [1m[35m (0.3ms)[0m  CREATE UNIQUE INDEX "index_users_on_email" ON "users" ("email")
  [1m[36mSQL (0.1ms)[0m  [1mINSERT INTO "schema_migrations" ("version") VALUES (?)[0m  [["version", "20150508131112"]]
  [1m[35m (0.8ms)[0m  commit transaction
Migrating to AddPasswordDigestToUsers (20150508132325)
  [1m[36m (0.1ms)[0m  [1mbegin transaction[0m
  [1m[35m (0.3ms)[0m  ALTER TABLE "users" ADD "password_digest" varchar
  [1m[36mSQL (0.1ms)[0m  [1mINSERT INTO "schema_migrations" ("version") VALUES (?)[0m  [["version", "20150508132325"]]
  [1m[35m (0.7ms)[0m  commit transaction
  [1m[36mActiveRecord::SchemaMigration Load (0.1ms)[0m  [1mSELECT "schema_migrations".* FROM "schema_migrations"[0m
  [1m[35m (0.1ms)[0m              SELECT sql
            FROM sqlite_master
            WHERE name='index_users_on_email' AND type='index'
            UNION ALL
            SELECT sql
            FROM sqlite_temp_master
            WHERE name='index_users_on_email' AND type='index'



Started GET "/static_pages/home" for ::1 at 2015-05-09 12:08:09 +0900
  [1m[36mActiveRecord::SchemaMigration Load (0.1ms)[0m  [1mSELECT "schema_migrations".* FROM "schema_migrations"[0m

ActionController::RoutingError (No route matches [GET] "/static_pages/home"):
  vendor/bundle/ruby/2.1.0/gems/actionpack-4.2.1/lib/action_dispatch/middleware/debug_exceptions.rb:21:in `call'
  vendor/bundle/ruby/2.1.0/gems/actionpack-4.2.1/lib/action_dispatch/middleware/show_exceptions.rb:30:in `call'
  vendor/bundle/ruby/2.1.0/gems/railties-4.2.1/lib/rails/rack/logger.rb:38:in `call_app'
  vendor/bundle/ruby/2.1.0/gems/railties-4.2.1/lib/rails/rack/logger.rb:20:in `block in call'
  vendor/bundle/ruby/2.1.0/gems/activesupport-4.2.1/lib/active_support/tagged_logging.rb:68:in `block in tagged'
  vendor/bundle/ruby/2.1.0/gems/activesupport-4.2.1/lib/active_support/tagged_logging.rb:26:in `tagged'
  vendor/bundle/ruby/2.1.0/gems/activesupport-4.2.1/lib/active_support/tagged_logging.rb:68:in `tagged'
  vendor/bundle/ruby/2.1.0/gems/railties-4.2.1/lib/rails/rack/logger.rb:20:in `call'
  vendor/bundle/ruby/2.1.0/gems/actionpack-4.2.1/lib/action_dispatch/middleware/request_id.rb:21:in `call'
  vendor/bundle/ruby/2.1.0/gems/rack-1.6.0/lib/rack/methodoverride.rb:22:in `call'
  vendor/bundle/ruby/2.1.0/gems/rack-1.6.0/lib/rack/runtime.rb:18:in `call'
  vendor/bundle/ruby/2.1.0/gems/activesupport-4.2.1/lib/active_support/cache/strategy/local_cache_middleware.rb:28:in `call'
  vendor/bundle/ruby/2.1.0/gems/rack-1.6.0/lib/rack/lock.rb:17:in `call'
  vendor/bundle/ruby/2.1.0/gems/actionpack-4.2.1/lib/action_dispatch/middleware/static.rb:113:in `call'
  vendor/bundle/ruby/2.1.0/gems/rack-1.6.0/lib/rack/sendfile.rb:113:in `call'
  vendor/bundle/ruby/2.1.0/gems/railties-4.2.1/lib/rails/engine.rb:518:in `call'
  vendor/bundle/ruby/2.1.0/gems/railties-4.2.1/lib/rails/application.rb:164:in `call'
  vendor/bundle/ruby/2.1.0/gems/rack-1.6.0/lib/rack/lock.rb:17:in `call'
  vendor/bundle/ruby/2.1.0/gems/rack-1.6.0/lib/rack/content_length.rb:15:in `call'
  vendor/bundle/ruby/2.1.0/gems/rack-1.6.0/lib/rack/handler/webrick.rb:89:in `service'
  /Users/rava/.rvm/rubies/ruby-2.1.2/lib/ruby/2.1.0/webrick/httpserver.rb:138:in `service'
  /Users/rava/.rvm/rubies/ruby-2.1.2/lib/ruby/2.1.0/webrick/httpserver.rb:94:in `run'
  /Users/rava/.rvm/rubies/ruby-2.1.2/lib/ruby/2.1.0/webrick/server.rb:295:in `block in start_thread'


  Rendered vendor/bundle/ruby/2.1.0/gems/actionpack-4.2.1/lib/action_dispatch/middleware/templates/rescues/_trace.html.erb (1.6ms)
  Rendered vendor/bundle/ruby/2.1.0/gems/actionpack-4.2.1/lib/action_dispatch/middleware/templates/routes/_route.html.erb (1.1ms)
  Rendered vendor/bundle/ruby/2.1.0/gems/actionpack-4.2.1/lib/action_dispatch/middleware/templates/routes/_table.html.erb (10.3ms)
  Rendered vendor/bundle/ruby/2.1.0/gems/actionpack-4.2.1/lib/action_dispatch/middleware/templates/rescues/_request_and_response.html.erb (12.2ms)
  Rendered vendor/bundle/ruby/2.1.0/gems/actionpack-4.2.1/lib/action_dispatch/middleware/templates/rescues/routing_error.html.erb within rescues/layout (55.2ms)


Started GET "/static_pages/home" for ::1 at 2015-05-09 12:08:14 +0900

ActionController::RoutingError (No route matches [GET] "/static_pages/home"):
  vendor/bundle/ruby/2.1.0/gems/actionpack-4.2.1/lib/action_dispatch/middleware/debug_exceptions.rb:21:in `call'
  vendor/bundle/ruby/2.1.0/gems/actionpack-4.2.1/lib/action_dispatch/middleware/show_exceptions.rb:30:in `call'
  vendor/bundle/ruby/2.1.0/gems/railties-4.2.1/lib/rails/rack/logger.rb:38:in `call_app'
  vendor/bundle/ruby/2.1.0/gems/railties-4.2.1/lib/rails/rack/logger.rb:20:in `block in call'
  vendor/bundle/ruby/2.1.0/gems/activesupport-4.2.1/lib/active_support/tagged_logging.rb:68:in `block in tagged'
  vendor/bundle/ruby/2.1.0/gems/activesupport-4.2.1/lib/active_support/tagged_logging.rb:26:in `tagged'
  vendor/bundle/ruby/2.1.0/gems/activesupport-4.2.1/lib/active_support/tagged_logging.rb:68:in `tagged'
  vendor/bundle/ruby/2.1.0/gems/railties-4.2.1/lib/rails/rack/logger.rb:20:in `call'
  vendor/bundle/ruby/2.1.0/gems/actionpack-4.2.1/lib/action_dispatch/middleware/request_id.rb:21:in `call'
  vendor/bundle/ruby/2.1.0/gems/rack-1.6.0/lib/rack/methodoverride.rb:22:in `call'
  vendor/bundle/ruby/2.1.0/gems/rack-1.6.0/lib/rack/runtime.rb:18:in `call'
  vendor/bundle/ruby/2.1.0/gems/activesupport-4.2.1/lib/active_support/cache/strategy/local_cache_middleware.rb:28:in `call'
  vendor/bundle/ruby/2.1.0/gems/rack-1.6.0/lib/rack/lock.rb:17:in `call'
  vendor/bundle/ruby/2.1.0/gems/actionpack-4.2.1/lib/action_dispatch/middleware/static.rb:113:in `call'
  vendor/bundle/ruby/2.1.0/gems/rack-1.6.0/lib/rack/sendfile.rb:113:in `call'
  vendor/bundle/ruby/2.1.0/gems/railties-4.2.1/lib/rails/engine.rb:518:in `call'
  vendor/bundle/ruby/2.1.0/gems/railties-4.2.1/lib/rails/application.rb:164:in `call'
  vendor/bundle/ruby/2.1.0/gems/rack-1.6.0/lib/rack/lock.rb:17:in `call'
  vendor/bundle/ruby/2.1.0/gems/rack-1.6.0/lib/rack/content_length.rb:15:in `call'
  vendor/bundle/ruby/2.1.0/gems/rack-1.6.0/lib/rack/handler/webrick.rb:89:in `service'
  /Users/rava/.rvm/rubies/ruby-2.1.2/lib/ruby/2.1.0/webrick/httpserver.rb:138:in `service'
  /Users/rava/.rvm/rubies/ruby-2.1.2/lib/ruby/2.1.0/webrick/httpserver.rb:94:in `run'
  /Users/rava/.rvm/rubies/ruby-2.1.2/lib/ruby/2.1.0/webrick/server.rb:295:in `block in start_thread'


  Rendered vendor/bundle/ruby/2.1.0/gems/actionpack-4.2.1/lib/action_dispatch/middleware/templates/rescues/_trace.html.erb (1.6ms)
  Rendered vendor/bundle/ruby/2.1.0/gems/actionpack-4.2.1/lib/action_dispatch/middleware/templates/routes/_route.html.erb (1.0ms)
  Rendered vendor/bundle/ruby/2.1.0/gems/actionpack-4.2.1/lib/action_dispatch/middleware/templates/routes/_table.html.erb (1.4ms)
  Rendered vendor/bundle/ruby/2.1.0/gems/actionpack-4.2.1/lib/action_dispatch/middleware/templates/rescues/_request_and_response.html.erb (1.3ms)
  Rendered vendor/bundle/ruby/2.1.0/gems/actionpack-4.2.1/lib/action_dispatch/middleware/templates/rescues/routing_error.html.erb within rescues/layout (27.2ms)


Started GET "/home" for ::1 at 2015-05-09 12:08:23 +0900

ActionController::RoutingError (No route matches [GET] "/home"):
  vendor/bundle/ruby/2.1.0/gems/actionpack-4.2.1/lib/action_dispatch/middleware/debug_exceptions.rb:21:in `call'
  vendor/bundle/ruby/2.1.0/gems/actionpack-4.2.1/lib/action_dispatch/middleware/show_exceptions.rb:30:in `call'
  vendor/bundle/ruby/2.1.0/gems/railties-4.2.1/lib/rails/rack/logger.rb:38:in `call_app'
  vendor/bundle/ruby/2.1.0/gems/railties-4.2.1/lib/rails/rack/logger.rb:20:in `block in call'
  vendor/bundle/ruby/2.1.0/gems/activesupport-4.2.1/lib/active_support/tagged_logging.rb:68:in `block in tagged'
  vendor/bundle/ruby/2.1.0/gems/activesupport-4.2.1/lib/active_support/tagged_logging.rb:26:in `tagged'
  vendor/bundle/ruby/2.1.0/gems/activesupport-4.2.1/lib/active_support/tagged_logging.rb:68:in `tagged'
  vendor/bundle/ruby/2.1.0/gems/railties-4.2.1/lib/rails/rack/logger.rb:20:in `call'
  vendor/bundle/ruby/2.1.0/gems/actionpack-4.2.1/lib/action_dispatch/middleware/request_id.rb:21:in `call'
  vendor/bundle/ruby/2.1.0/gems/rack-1.6.0/lib/rack/methodoverride.rb:22:in `call'
  vendor/bundle/ruby/2.1.0/gems/rack-1.6.0/lib/rack/runtime.rb:18:in `call'
  vendor/bundle/ruby/2.1.0/gems/activesupport-4.2.1/lib/active_support/cache/strategy/local_cache_middleware.rb:28:in `call'
  vendor/bundle/ruby/2.1.0/gems/rack-1.6.0/lib/rack/lock.rb:17:in `call'
  vendor/bundle/ruby/2.1.0/gems/actionpack-4.2.1/lib/action_dispatch/middleware/static.rb:113:in `call'
  vendor/bundle/ruby/2.1.0/gems/rack-1.6.0/lib/rack/sendfile.rb:113:in `call'
  vendor/bundle/ruby/2.1.0/gems/railties-4.2.1/lib/rails/engine.rb:518:in `call'
  vendor/bundle/ruby/2.1.0/gems/railties-4.2.1/lib/rails/application.rb:164:in `call'
  vendor/bundle/ruby/2.1.0/gems/rack-1.6.0/lib/rack/lock.rb:17:in `call'
  vendor/bundle/ruby/2.1.0/gems/rack-1.6.0/lib/rack/content_length.rb:15:in `call'
  vendor/bundle/ruby/2.1.0/gems/rack-1.6.0/lib/rack/handler/webrick.rb:89:in `service'
  /Users/rava/.rvm/rubies/ruby-2.1.2/lib/ruby/2.1.0/webrick/httpserver.rb:138:in `service'
  /Users/rava/.rvm/rubies/ruby-2.1.2/lib/ruby/2.1.0/webrick/httpserver.rb:94:in `run'
  /Users/rava/.rvm/rubies/ruby-2.1.2/lib/ruby/2.1.0/webrick/server.rb:295:in `block in start_thread'


  Rendered vendor/bundle/ruby/2.1.0/gems/actionpack-4.2.1/lib/action_dispatch/middleware/templates/rescues/_trace.html.erb (1.6ms)
  Rendered vendor/bundle/ruby/2.1.0/gems/actionpack-4.2.1/lib/action_dispatch/middleware/templates/routes/_route.html.erb (1.1ms)
  Rendered vendor/bundle/ruby/2.1.0/gems/actionpack-4.2.1/lib/action_dispatch/middleware/templates/routes/_table.html.erb (1.3ms)
  Rendered vendor/bundle/ruby/2.1.0/gems/actionpack-4.2.1/lib/action_dispatch/middleware/templates/rescues/_request_and_response.html.erb (1.2ms)
  Rendered vendor/bundle/ruby/2.1.0/gems/actionpack-4.2.1/lib/action_dispatch/middleware/templates/rescues/routing_error.html.erb within rescues/layout (27.0ms)


Started GET "/home" for ::1 at 2015-05-09 12:08:40 +0900

ActionController::RoutingError (No route matches [GET] "/home"):
  vendor/bundle/ruby/2.1.0/gems/actionpack-4.2.1/lib/action_dispatch/middleware/debug_exceptions.rb:21:in `call'
  vendor/bundle/ruby/2.1.0/gems/actionpack-4.2.1/lib/action_dispatch/middleware/show_exceptions.rb:30:in `call'
  vendor/bundle/ruby/2.1.0/gems/railties-4.2.1/lib/rails/rack/logger.rb:38:in `call_app'
  vendor/bundle/ruby/2.1.0/gems/railties-4.2.1/lib/rails/rack/logger.rb:20:in `block in call'
  vendor/bundle/ruby/2.1.0/gems/activesupport-4.2.1/lib/active_support/tagged_logging.rb:68:in `block in tagged'
  vendor/bundle/ruby/2.1.0/gems/activesupport-4.2.1/lib/active_support/tagged_logging.rb:26:in `tagged'
  vendor/bundle/ruby/2.1.0/gems/activesupport-4.2.1/lib/active_support/tagged_logging.rb:68:in `tagged'
  vendor/bundle/ruby/2.1.0/gems/railties-4.2.1/lib/rails/rack/logger.rb:20:in `call'
  vendor/bundle/ruby/2.1.0/gems/actionpack-4.2.1/lib/action_dispatch/middleware/request_id.rb:21:in `call'
  vendor/bundle/ruby/2.1.0/gems/rack-1.6.0/lib/rack/methodoverride.rb:22:in `call'
  vendor/bundle/ruby/2.1.0/gems/rack-1.6.0/lib/rack/runtime.rb:18:in `call'
  vendor/bundle/ruby/2.1.0/gems/activesupport-4.2.1/lib/active_support/cache/strategy/local_cache_middleware.rb:28:in `call'
  vendor/bundle/ruby/2.1.0/gems/rack-1.6.0/lib/rack/lock.rb:17:in `call'
  vendor/bundle/ruby/2.1.0/gems/actionpack-4.2.1/lib/action_dispatch/middleware/static.rb:113:in `call'
  vendor/bundle/ruby/2.1.0/gems/rack-1.6.0/lib/rack/sendfile.rb:113:in `call'
  vendor/bundle/ruby/2.1.0/gems/railties-4.2.1/lib/rails/engine.rb:518:in `call'
  vendor/bundle/ruby/2.1.0/gems/railties-4.2.1/lib/rails/application.rb:164:in `call'
  vendor/bundle/ruby/2.1.0/gems/rack-1.6.0/lib/rack/lock.rb:17:in `call'
  vendor/bundle/ruby/2.1.0/gems/rack-1.6.0/lib/rack/content_length.rb:15:in `call'
  vendor/bundle/ruby/2.1.0/gems/rack-1.6.0/lib/rack/handler/webrick.rb:89:in `service'
  /Users/rava/.rvm/rubies/ruby-2.1.2/lib/ruby/2.1.0/webrick/httpserver.rb:138:in `service'
  /Users/rava/.rvm/rubies/ruby-2.1.2/lib/ruby/2.1.0/webrick/httpserver.rb:94:in `run'
  /Users/rava/.rvm/rubies/ruby-2.1.2/lib/ruby/2.1.0/webrick/server.rb:295:in `block in start_thread'


  Rendered vendor/bundle/ruby/2.1.0/gems/actionpack-4.2.1/lib/action_dispatch/middleware/templates/rescues/_trace.html.erb (1.4ms)
  Rendered vendor/bundle/ruby/2.1.0/gems/actionpack-4.2.1/lib/action_dispatch/middleware/templates/routes/_route.html.erb (1.1ms)
  Rendered vendor/bundle/ruby/2.1.0/gems/actionpack-4.2.1/lib/action_dispatch/middleware/templates/routes/_table.html.erb (1.5ms)
  Rendered vendor/bundle/ruby/2.1.0/gems/actionpack-4.2.1/lib/action_dispatch/middleware/templates/rescues/_request_and_response.html.erb (1.2ms)
  Rendered vendor/bundle/ruby/2.1.0/gems/actionpack-4.2.1/lib/action_dispatch/middleware/templates/rescues/routing_error.html.erb within rescues/layout (29.3ms)


Started GET "/" for ::1 at 2015-05-09 12:08:40 +0900
Processing by StaticPagesController#home as HTML
  Rendered static_pages/home.html.erb within layouts/application (186.2ms)
  Rendered layouts/_shim.html.erb (0.5ms)
  Rendered layouts/_header.html.erb (1.0ms)
  Rendered layouts/_footer.html.erb (0.8ms)
Completed 200 OK in 5331ms (Views: 5329.8ms | ActiveRecord: 0.0ms)


Started GET "/home" for ::1 at 2015-05-09 12:08:45 +0900

ActionController::RoutingError (No route matches [GET] "/home"):
  vendor/bundle/ruby/2.1.0/gems/actionpack-4.2.1/lib/action_dispatch/middleware/debug_exceptions.rb:21:in `call'
  vendor/bundle/ruby/2.1.0/gems/actionpack-4.2.1/lib/action_dispatch/middleware/show_exceptions.rb:30:in `call'
  vendor/bundle/ruby/2.1.0/gems/railties-4.2.1/lib/rails/rack/logger.rb:38:in `call_app'
  vendor/bundle/ruby/2.1.0/gems/railties-4.2.1/lib/rails/rack/logger.rb:20:in `block in call'
  vendor/bundle/ruby/2.1.0/gems/activesupport-4.2.1/lib/active_support/tagged_logging.rb:68:in `block in tagged'
  vendor/bundle/ruby/2.1.0/gems/activesupport-4.2.1/lib/active_support/tagged_logging.rb:26:in `tagged'
  vendor/bundle/ruby/2.1.0/gems/activesupport-4.2.1/lib/active_support/tagged_logging.rb:68:in `tagged'
  vendor/bundle/ruby/2.1.0/gems/railties-4.2.1/lib/rails/rack/logger.rb:20:in `call'
  vendor/bundle/ruby/2.1.0/gems/actionpack-4.2.1/lib/action_dispatch/middleware/request_id.rb:21:in `call'
  vendor/bundle/ruby/2.1.0/gems/rack-1.6.0/lib/rack/methodoverride.rb:22:in `call'
  vendor/bundle/ruby/2.1.0/gems/rack-1.6.0/lib/rack/runtime.rb:18:in `call'
  vendor/bundle/ruby/2.1.0/gems/activesupport-4.2.1/lib/active_support/cache/strategy/local_cache_middleware.rb:28:in `call'
  vendor/bundle/ruby/2.1.0/gems/rack-1.6.0/lib/rack/lock.rb:17:in `call'
  vendor/bundle/ruby/2.1.0/gems/actionpack-4.2.1/lib/action_dispatch/middleware/static.rb:113:in `call'
  vendor/bundle/ruby/2.1.0/gems/rack-1.6.0/lib/rack/sendfile.rb:113:in `call'
  vendor/bundle/ruby/2.1.0/gems/railties-4.2.1/lib/rails/engine.rb:518:in `call'
  vendor/bundle/ruby/2.1.0/gems/railties-4.2.1/lib/rails/application.rb:164:in `call'
  vendor/bundle/ruby/2.1.0/gems/rack-1.6.0/lib/rack/lock.rb:17:in `call'
  vendor/bundle/ruby/2.1.0/gems/rack-1.6.0/lib/rack/content_length.rb:15:in `call'
  vendor/bundle/ruby/2.1.0/gems/rack-1.6.0/lib/rack/handler/webrick.rb:89:in `service'
  /Users/rava/.rvm/rubies/ruby-2.1.2/lib/ruby/2.1.0/webrick/httpserver.rb:138:in `service'
  /Users/rava/.rvm/rubies/ruby-2.1.2/lib/ruby/2.1.0/webrick/httpserver.rb:94:in `run'
  /Users/rava/.rvm/rubies/ruby-2.1.2/lib/ruby/2.1.0/webrick/server.rb:295:in `block in start_thread'


  Rendered vendor/bundle/ruby/2.1.0/gems/actionpack-4.2.1/lib/action_dispatch/middleware/templates/rescues/_trace.html.erb (1.5ms)
  Rendered vendor/bundle/ruby/2.1.0/gems/actionpack-4.2.1/lib/action_dispatch/middleware/templates/routes/_route.html.erb (0.9ms)
  Rendered vendor/bundle/ruby/2.1.0/gems/actionpack-4.2.1/lib/action_dispatch/middleware/templates/routes/_table.html.erb (1.2ms)
  Rendered vendor/bundle/ruby/2.1.0/gems/actionpack-4.2.1/lib/action_dispatch/middleware/templates/rescues/_request_and_response.html.erb (1.8ms)
  Rendered vendor/bundle/ruby/2.1.0/gems/actionpack-4.2.1/lib/action_dispatch/middleware/templates/rescues/routing_error.html.erb within rescues/layout (31.3ms)


Started GET "/help" for ::1 at 2015-05-09 12:08:45 +0900
Processing by StaticPagesController#help as HTML
  Rendered static_pages/help.html.erb within layouts/application (0.7ms)
  Rendered layouts/_shim.html.erb (0.0ms)
  Rendered layouts/_header.html.erb (0.3ms)
  Rendered layouts/_footer.html.erb (0.1ms)
Completed 200 OK in 61ms (Views: 60.9ms | ActiveRecord: 0.0ms)


Started GET "/help" for ::1 at 2015-05-09 12:08:46 +0900
Processing by StaticPagesController#help as HTML
  Rendered static_pages/help.html.erb within layouts/application (0.1ms)
  Rendered layouts/_shim.html.erb (0.0ms)
  Rendered layouts/_header.html.erb (0.3ms)
  Rendered layouts/_footer.html.erb (0.1ms)
Completed 200 OK in 56ms (Views: 55.1ms | ActiveRecord: 0.0ms)


Started GET "/assets/custom.self-c4b628ffa5f5ef878c786989509102faa1f6eda80cab47a420612c5248412030.css?body=1" for ::1 at 2015-05-09 12:08:46 +0900


Started GET "/assets/users.self-e3b0c44298fc1c149afbf4c8996fb92427ae41e4649b934ca495991b7852b855.css?body=1" for ::1 at 2015-05-09 12:08:46 +0900


Started GET "/assets/static_pages.self-e3b0c44298fc1c149afbf4c8996fb92427ae41e4649b934ca495991b7852b855.css?body=1" for ::1 at 2015-05-09 12:08:46 +0900


Started GET "/assets/users.self-877aef30ae1b040ab8a3aba4e3e309a11d7f2612f44dde450b5c157aa5f95c05.js?body=1" for ::1 at 2015-05-09 12:08:46 +0900


Started GET "/" for ::1 at 2015-05-09 12:08:47 +0900
Processing by StaticPagesController#home as HTML
  Rendered static_pages/home.html.erb within layouts/application (1.8ms)
  Rendered layouts/_shim.html.erb (0.5ms)
  Rendered layouts/_header.html.erb (0.6ms)
  Rendered layouts/_footer.html.erb (1.2ms)
Completed 200 OK in 61ms (Views: 60.7ms | ActiveRecord: 0.0ms)


Started GET "/assets/rails-c094bc3a4bf50e5bb477109e5cb0d213af27ad75b481c4df249f50974dbeefe6.png" for ::1 at 2015-05-09 12:08:47 +0900


Started GET "/" for ::1 at 2015-05-09 12:08:48 +0900
Processing by StaticPagesController#home as HTML
  Rendered static_pages/home.html.erb within layouts/application (1.8ms)
  Rendered layouts/_shim.html.erb (0.0ms)
  Rendered layouts/_header.html.erb (0.5ms)
  Rendered layouts/_footer.html.erb (0.1ms)
Completed 200 OK in 184ms (Views: 183.2ms | ActiveRecord: 0.0ms)


Started GET "/" for ::1 at 2015-05-09 12:08:49 +0900
Processing by StaticPagesController#home as HTML
  Rendered static_pages/home.html.erb within layouts/application (1.6ms)
  Rendered layouts/_shim.html.erb (0.0ms)
  Rendered layouts/_header.html.erb (0.3ms)
  Rendered layouts/_footer.html.erb (0.1ms)
Completed 200 OK in 56ms (Views: 55.6ms | ActiveRecord: 0.0ms)


Started GET "/" for ::1 at 2015-05-09 12:41:31 +0900
  [1m[36mActiveRecord::SchemaMigration Load (0.5ms)[0m  [1mSELECT "schema_migrations".* FROM "schema_migrations"[0m
Processing by StaticPagesController#home as HTML
  Rendered static_pages/home.html.erb within layouts/application (164.2ms)
  Rendered layouts/_shim.html.erb (0.4ms)
  Rendered layouts/_header.html.erb (1.1ms)
  Rendered layouts/_footer.html.erb (0.8ms)
Completed 200 OK in 5642ms (Views: 5629.2ms | ActiveRecord: 0.0ms)


Started GET "/assets/custom.self-0ad5936a4ac355d93818810d40de85464bb87e6a088d4ff809268d66e8d07968.css?body=1" for ::1 at 2015-05-09 12:41:37 +0900


Started GET "/" for ::1 at 2015-05-09 12:41:47 +0900
Processing by StaticPagesController#home as HTML
  Rendered static_pages/home.html.erb within layouts/application (2.2ms)
  Rendered layouts/_shim.html.erb (0.0ms)
  Rendered layouts/_header.html.erb (0.3ms)
  Rendered layouts/_footer.html.erb (0.1ms)
Completed 200 OK in 57ms (Views: 56.3ms | ActiveRecord: 0.0ms)


Started GET "/help" for ::1 at 2015-05-09 12:41:51 +0900
Processing by StaticPagesController#help as HTML
  Rendered static_pages/help.html.erb within layouts/application (0.5ms)
  Rendered layouts/_shim.html.erb (0.3ms)
  Rendered layouts/_header.html.erb (0.6ms)
  Rendered layouts/_footer.html.erb (0.4ms)
Completed 200 OK in 53ms (Views: 52.8ms | ActiveRecord: 0.0ms)


Started GET "/" for ::1 at 2015-05-09 12:41:52 +0900
Processing by StaticPagesController#home as HTML
  Rendered static_pages/home.html.erb within layouts/application (2.2ms)
  Rendered layouts/_shim.html.erb (0.0ms)
  Rendered layouts/_header.html.erb (0.2ms)
  Rendered layouts/_footer.html.erb (0.3ms)
Completed 200 OK in 57ms (Views: 56.7ms | ActiveRecord: 0.0ms)


Started GET "/" for ::1 at 2015-05-09 12:48:54 +0900
  [1m[36mActiveRecord::SchemaMigration Load (0.6ms)[0m  [1mSELECT "schema_migrations".* FROM "schema_migrations"[0m
Processing by StaticPagesController#home as HTML
  Rendered static_pages/home.html.erb within layouts/application (2.1ms)
  Rendered layouts/_shim.html.erb (0.9ms)
  Rendered layouts/_header.html.erb (1.4ms)
  Rendered layouts/_footer.html.erb (1.3ms)
Completed 200 OK in 406ms (Views: 394.5ms | ActiveRecord: 0.0ms)


Started GET "/assets/application.self-e80e8f2318043e8af94dddc2adad5a4f09739a8ebb323b3ab31cd71d45fd9113.css?body=1" for ::1 at 2015-05-09 12:48:54 +0900


Started GET "/assets/custom.self-0ad5936a4ac355d93818810d40de85464bb87e6a088d4ff809268d66e8d07968.css?body=1" for ::1 at 2015-05-09 12:48:54 +0900


Started GET "/assets/users.self-e3b0c44298fc1c149afbf4c8996fb92427ae41e4649b934ca495991b7852b855.css?body=1" for ::1 at 2015-05-09 12:48:54 +0900


Started GET "/assets/static_pages.self-e3b0c44298fc1c149afbf4c8996fb92427ae41e4649b934ca495991b7852b855.css?body=1" for ::1 at 2015-05-09 12:48:54 +0900


Started GET "/assets/jquery.self-d03a5518f45df77341bdbe6201ba3bfa547ebba8ed64f0ea56bfa5f96ea7c074.js?body=1" for ::1 at 2015-05-09 12:48:54 +0900


Started GET "/assets/jquery_ujs.self-8e98a7a072a6cee1372d19fff9ff3e6aa1e39a37d89d6f06861637d061113ee7.js?body=1" for ::1 at 2015-05-09 12:48:54 +0900


Started GET "/assets/turbolinks.self-c37727e9bd6b2735da5c311aa83fead54ed0be6cc8bd9a65309e9c5abe2cbfff.js?body=1" for ::1 at 2015-05-09 12:48:54 +0900


Started GET "/assets/users.self-877aef30ae1b040ab8a3aba4e3e309a11d7f2612f44dde450b5c157aa5f95c05.js?body=1" for ::1 at 2015-05-09 12:48:54 +0900


Started GET "/assets/static_pages.self-877aef30ae1b040ab8a3aba4e3e309a11d7f2612f44dde450b5c157aa5f95c05.js?body=1" for ::1 at 2015-05-09 12:48:54 +0900


Started GET "/assets/application.self-3b8dabdc891efe46b9a144b400ad69e37d7e5876bdc39dee783419a69d7ca819.js?body=1" for ::1 at 2015-05-09 12:48:54 +0900


Started GET "/" for ::1 at 2015-05-09 12:48:58 +0900
Processing by StaticPagesController#home as HTML
  Rendered static_pages/home.html.erb within layouts/application (1.2ms)
  Rendered layouts/_shim.html.erb (2.4ms)
  Rendered layouts/_header.html.erb (0.7ms)
  Rendered layouts/_footer.html.erb (0.4ms)
Completed 200 OK in 76ms (Views: 75.6ms | ActiveRecord: 0.0ms)
